<?xml version="1.0" encoding="UTF-8"?>
<!-- Generated by org.testng.reporters.JUnitXMLReporter -->
<testsuite hostname="DESKTOP-6GJULPT" ignored="0" name="Test2" tests="13" failures="0" timestamp="11 May 2020 10:45:57 GMT" time="50.896" errors="0">
  <testcase name="LockedOut" time="9.272" classname="Validate.LockedOut"/>
  <testcase name="selectproduct" time="15.389" classname="Validate.VerifyCheckOutFunctionality"/>
  <testcase name="Navigate" time="0.422" classname="Validate.Add3Remove1"/>
  <testcase name="Add3Product" time="3.859" classname="Validate.Add3Remove1"/>
  <testcase name="remove1" time="1.25" classname="Validate.Add3Remove1"/>
  <testcase name="CheckoutBox" time="0.469" classname="Validate.CheckOutForm"/>
  <testcase name="Validate1" time="1.75" classname="Validate.CheckOutForm"/>
  <testcase name="Validate2" time="3.625" classname="Validate.CheckOutForm"/>
  <testcase name="Validate3" time="3.016" classname="Validate.CheckOutForm"/>
  <testcase name="naviagtetohome" time="2.672" classname="Validate.NavigateToHomepage"/>
  <testcase name="remove" time="0.937" classname="Validate.NavigateToHomepage"/>
  <testcase name="sort" time="7.031" classname="Validate.SortingMechanism"/>
  <testcase name="CloseDriver" time="1.204" classname="Validate.SortingMechanism"/>
</testsuite> <!-- Test2 -->
