<?xml version="1.0" encoding="UTF-8"?>
<!-- Generated by org.testng.reporters.JUnitXMLReporter -->
<testsuite hostname="DESKTOP-6GJULPT" name="Test2" tests="10" failures="0" timestamp="10 May 2020 12:24:49 GMT" time="29.813" errors="0">
  <testcase name="LockedOut" time="7.686" classname="Validate.LockedOut"/>
  <testcase name="selectproduct" time="8.89" classname="Validate.VerifyCheckOutFunctionality"/>
  <testcase name="Navigate" time="0.142" classname="Validate.Add3Remove1"/>
  <testcase name="Add3Product" time="3.844" classname="Validate.Add3Remove1"/>
  <testcase name="remove1" time="0.173" classname="Validate.Add3Remove1"/>
  <testcase name="CheckoutBox" time="0.328" classname="Validate.CheckOutForm"/>
  <testcase name="Validate1" time="0.563" classname="Validate.CheckOutForm"/>
  <testcase name="Validate2" time="2.781" classname="Validate.CheckOutForm"/>
  <testcase name="Validate3" time="2.58" classname="Validate.CheckOutForm"/>
  <testcase name="naviagtetohome" time="2.735" classname="Validate.NavigateToHomepage"/>
</testsuite> <!-- Test2 -->
