<?xml version="1.0" encoding="UTF-8"?>
<!-- Generated by org.testng.reporters.JUnitXMLReporter -->
<testsuite hostname="DESKTOP-6GJULPT" name="Test" tests="8" failures="0" timestamp="10 May 2020 09:59:47 GMT" time="21.328" errors="0">
  <testcase name="Login" time="16.805" classname="Validate.WebLogin"/>
  <testcase name="Header" time="0.016" classname="Validate.Home"/>
  <testcase name="footer" time="0.015" classname="Validate.Home"/>
  <testcase name="Hamburger" time="1.063" classname="Validate.Home"/>
  <testcase name="AddProduct" time="0.0" classname="Validate.AddOrRemoveProduct"/>
  <testcase name="RemoveProduct" time="0.281" classname="Validate.AddOrRemoveProduct"/>
  <testcase name="CheckOut" time="2.267" classname="Validate.CheckOut"/>
  <testcase name="logout" time="0.836" classname="Validate.CheckOut"/>
</testsuite> <!-- Test -->
