<?xml version="1.0" encoding="UTF-8"?>
<!-- Generated by org.testng.reporters.JUnitXMLReporter -->
<testsuite hostname="DESKTOP-6GJULPT" name="Test2" tests="13" failures="0" timestamp="11 May 2020 10:39:52 GMT" time="71.239" errors="0">
  <testcase name="LockedOut" time="9.637" classname="Validate.LockedOut"/>
  <testcase name="selectproduct" time="24.473" classname="Validate.VerifyCheckOutFunctionality"/>
  <testcase name="Navigate" time="0.344" classname="Validate.Add3Remove1"/>
  <testcase name="Add3Product" time="3.823" classname="Validate.Add3Remove1"/>
  <testcase name="remove1" time="1.187" classname="Validate.Add3Remove1"/>
  <testcase name="CheckoutBox" time="0.625" classname="Validate.CheckOutForm"/>
  <testcase name="Validate1" time="1.709" classname="Validate.CheckOutForm"/>
  <testcase name="Validate2" time="4.976" classname="Validate.CheckOutForm"/>
  <testcase name="Validate3" time="3.46" classname="Validate.CheckOutForm"/>
  <testcase name="naviagtetohome" time="3.844" classname="Validate.NavigateToHomepage"/>
  <testcase name="remove" time="0.952" classname="Validate.NavigateToHomepage"/>
  <testcase name="sort" time="15.054" classname="Validate.SortingMechanism"/>
  <testcase name="CloseDriver" time="1.081" classname="Validate.SortingMechanism"/>
</testsuite> <!-- Test2 -->
