<?xml version="1.0" encoding="UTF-8"?>
<!-- Generated by org.testng.reporters.JUnitXMLReporter -->
<testsuite hostname="DESKTOP-6GJULPT" ignored="0" name="Test" tests="8" failures="0" timestamp="11 May 2020 10:45:06 GMT" time="50.364" errors="0">
  <testcase name="Login" time="29.427" classname="Validate.WebLogin"/>
  <testcase name="Header" time="0.047" classname="Validate.Home"/>
  <testcase name="footer" time="1.032" classname="Validate.Home"/>
  <testcase name="Hamburger" time="2.218" classname="Validate.Home"/>
  <testcase name="AddProduct" time="4.203" classname="Validate.AddOrRemoveProduct"/>
  <testcase name="RemoveProduct" time="2.282" classname="Validate.AddOrRemoveProduct"/>
  <testcase name="CheckOut" time="8.031" classname="Validate.CheckOut"/>
  <testcase name="logout" time="3.109" classname="Validate.CheckOut"/>
</testsuite> <!-- Test -->
