<?xml version="1.0" encoding="UTF-8"?>
<testsuite name="TestSuite" time="101.229" tests="21" errors="0" skipped="0" failures="0">
  <properties>
[...]
</properties>
  <testcase name="Login" classname="Validate.WebLogin" time="29.427"/>
  <testcase name="Header" classname="Validate.Home" time="0.047"/>
  <testcase name="footer" classname="Validate.Home" time="1.032"/>
  <testcase name="Hamburger" classname="Validate.Home" time="2.218"/>
  <testcase name="AddProduct" classname="Validate.AddOrRemoveProduct" time="4.203"/>
  <testcase name="RemoveProduct" classname="Validate.AddOrRemoveProduct" time="2.266"/>
  <testcase name="CheckOut" classname="Validate.CheckOut" time="8.031"/>
  <testcase name="logout" classname="Validate.CheckOut" time="3.109"/>
  <testcase name="LockedOut" classname="Validate.LockedOut" time="9.272"/>
  <testcase name="selectproduct" classname="Validate.VerifyCheckOutFunctionality" time="15.389"/>
  <testcase name="Navigate" classname="Validate.Add3Remove1" time="0.422"/>
  <testcase name="Add3Product" classname="Validate.Add3Remove1" time="3.859"/>
  <testcase name="remove1" classname="Validate.Add3Remove1" time="1.25"/>
  <testcase name="CheckoutBox" classname="Validate.CheckOutForm" time="0.469"/>
  <testcase name="Validate1" classname="Validate.CheckOutForm" time="1.75"/>
  <testcase name="Validate2" classname="Validate.CheckOutForm" time="3.625"/>
  <testcase name="Validate3" classname="Validate.CheckOutForm" time="3.016"/>
  <testcase name="naviagtetohome" classname="Validate.NavigateToHomepage" time="2.672"/>
  <testcase name="remove" classname="Validate.NavigateToHomepage" time="0.937"/>
  <testcase name="sort" classname="Validate.SortingMechanism" time="7.031"/>
  <testcase name="CloseDriver" classname="Validate.SortingMechanism" time="1.204"/>
</testsuite>