<?xml version="1.0" encoding="UTF-8"?>
<!-- Generated by org.testng.reporters.JUnitXMLReporter -->
<testsuite hostname="DESKTOP-6GJULPT" name="Test" tests="8" failures="0" timestamp="11 May 2020 09:47:28 GMT" time="52.494" errors="0">
  <testcase name="Login" time="31.607" classname="Validate.WebLogin"/>
  <testcase name="Header" time="0.041" classname="Validate.Home"/>
  <testcase name="footer" time="1.02" classname="Validate.Home"/>
  <testcase name="Hamburger" time="2.196" classname="Validate.Home"/>
  <testcase name="AddProduct" time="4.14" classname="Validate.AddOrRemoveProduct"/>
  <testcase name="RemoveProduct" time="2.256" classname="Validate.AddOrRemoveProduct"/>
  <testcase name="CheckOut" time="7.89" classname="Validate.CheckOut"/>
  <testcase name="logout" time="3.287" classname="Validate.CheckOut"/>
</testsuite> <!-- Test -->
